<<<<<<< HEAD
----------------------------------------------------------------
Wed Apr 26 09:32:59 EDT 2017:
Booting Derby version The Apache Software Foundation - Apache Derby - 10.10.2.0 - (1582446): instance a816c00e-015b-aa77-08bb-00000e23e8c0 
on database directory D:\Users\Mitch\CS320\CS320-jhofmann1-dkiley-mslater-aweaver\students.db with class loader sun.misc.Launcher$AppClassLoader@4e0e2f2a 
Loaded from file:/D:/Users/Mitch/CS320/CS320_Derby/lib/derby.jar
=======
----------------------------------------------------------------
Fri Apr 21 09:38:26 EDT 2017:
Booting Derby version The Apache Software Foundation - Apache Derby - 10.10.2.0 - (1582446): instance a816c00e-015b-90bc-3b12-00000dde0858 
on database directory C:\Users\AlaskaJay\git\CS320-jhofmann1-dkiley-mslater-aweaver\students.db with class loader sun.misc.Launcher$AppClassLoader@c387f44 
Loaded from file:/C:/Users/AlaskaJay/Dropbox/CS320/CS320_Derby/lib/derby.jar
>>>>>>> branch 'master' of https://github.com/L337Lobster/CS320-jhofmann1-dkiley-mslater-aweaver.git
java.vendor=Oracle Corporation
<<<<<<< HEAD
java.runtime.version=1.8.0_60-b27
user.dir=D:\Users\Mitch\CS320\CS320-jhofmann1-dkiley-mslater-aweaver
os.name=Windows 10
=======
java.runtime.version=1.8.0_51-b16
user.dir=C:\Users\AlaskaJay\git\CS320-jhofmann1-dkiley-mslater-aweaver
os.name=Windows 8.1
>>>>>>> branch 'master' of https://github.com/L337Lobster/CS320-jhofmann1-dkiley-mslater-aweaver.git
os.arch=amd64
<<<<<<< HEAD
os.version=10.0
derby.system.home=null
Database Class Loader started - derby.database.classpath=''
=======
os.version=6.3
derby.system.home=null
Database Class Loader started - derby.database.classpath=''
>>>>>>> branch 'master' of https://github.com/L337Lobster/CS320-jhofmann1-dkiley-mslater-aweaver.git
